****************************************************************************************
This is a development tool for Scully applications.
You can ignore the warning (TLS) or run scully with --no-warning
****************************************************************************************

----------------------------------
Using stored unhandled routes!.
   To discover new routes in the angular app use "[33mnpm run scully -- --scanRoutes[39m"
----------------------------------

      ----------------
      Error, missing "[33m<scully-content>[39m" in route "[33m/blog/___UNPUBLISHED___kfh9lshb_cZtp649YvIGuMXkgDC7ICET6MYQmyBav[39m"
      without <scully-content> we can not render this route.
      Make sure it is in there, and not inside any conditionals (*ngIf)
      You can check this by opening "[33mhttp://localhost:4200/blog/___UNPUBLISHED___kfh9lshb_cZtp649YvIGuMXkgDC7ICET6MYQmyBav[39m"
      when you serve your app with [33mng serve[39m and then in the browsers console run:
      [33mdocument.querySelector('scully-content')[39m
      ----------------
      
      ----------------
      Error, missing "[33m<scully-content>[39m" in route "[33m/blog/test-jbo[39m"
      without <scully-content> we can not render this route.
      Make sure it is in there, and not inside any conditionals (*ngIf)
      You can check this by opening "[33mhttp://localhost:4200/blog/test-jbo[39m"
      when you serve your app with [33mng serve[39m and then in the browsers console run:
      [33mdocument.querySelector('scully-content')[39m
      ----------------
      


----------------------------------
Using stored unhandled routes!.
   To discover new routes in the angular app use "[33mnpm run scully -- --scanRoutes[39m"
----------------------------------

      ----------------
      Error, missing "[33m<scully-content>[39m" in route "[33m/blog/test-jbo[39m"
      without <scully-content> we can not render this route.
      Make sure it is in there, and not inside any conditionals (*ngIf)
      You can check this by opening "[33mhttp://localhost:4200/blog/test-jbo[39m"
      when you serve your app with [33mng serve[39m and then in the browsers console run:
      [33mdocument.querySelector('scully-content')[39m
      ----------------
      
      ----------------
      Error, missing "[33m<scully-content>[39m" in route "[33m/blog/___UNPUBLISHED___kfh9lshb_cZtp649YvIGuMXkgDC7ICET6MYQmyBav[39m"
      without <scully-content> we can not render this route.
      Make sure it is in there, and not inside any conditionals (*ngIf)
      You can check this by opening "[33mhttp://localhost:4200/blog/___UNPUBLISHED___kfh9lshb_cZtp649YvIGuMXkgDC7ICET6MYQmyBav[39m"
      when you serve your app with [33mng serve[39m and then in the browsers console run:
      [33mdocument.querySelector('scully-content')[39m
      ----------------
      

****************************************************************************************
This is a development tool for Scully applications.
You can ignore the warning (TLS) or run scully with --no-warning
********************************************************************************************************************************************************************************
This is a development tool for Scully applications.
You can ignore the warning (TLS) or run scully with --no-warning
****************************************************************************************
----------------------------------
Using stored unhandled routes!.
   To discover new routes in the angular app use "[33mnpm run scully -- --scanRoutes[39m"
----------------------------------

----------------------------------
Using stored unhandled routes!.
   To discover new routes in the angular app use "[33mnpm run scully -- --scanRoutes[39m"
----------------------------------
